2022-05-21 22:04:37.037  INFO  AuthServiceImpl:15 - [login][input][AuthRequest(email=goodaberg103@gmail.com, password=password)] -- 97d94b59-a416-4be7-b78d-386e900793b2 -- 
2022-05-21 22:04:37.037  INFO  AuthServiceImpl:15 - [authenticate][input][User(id=7c0ca9ab-b277-4ee2-acb6-fbd76fcf050d, email=goodaberg103@gmail.com)] -- 97d94b59-a416-4be7-b78d-386e900793b2 -- 
2022-05-21 22:04:38.038  INFO  AuthServiceImpl:15 - [authenticate][output][AuthResponse(user=com.diplom.marketplace.entity.User@67af8103, accessToken=eyJhbGciOiJIUzI1NiJ9.eyJzdWIiOiI3YzBjYTlhYi1iMjc3LTRlZTItYWNiNi1mYmQ3NmZjZjA1MGQiLCJhdXRoIjoiUk9MRV9VU0VSIiwiaWF0IjoxNjUzMTQxODc4LCJleHAiOjE2NTQ2MTMxMDd9.OACQYBl-KRZ8SORcqS-Sc-DaRu_CqBRHz_T4YG1uKFY)] -- 97d94b59-a416-4be7-b78d-386e900793b2 -- 
2022-05-21 22:04:38.038  INFO  AuthServiceImpl:15 - [login][output][AuthResponse(user=com.diplom.marketplace.entity.User@67af8103, accessToken=eyJhbGciOiJIUzI1NiJ9.eyJzdWIiOiI3YzBjYTlhYi1iMjc3LTRlZTItYWNiNi1mYmQ3NmZjZjA1MGQiLCJhdXRoIjoiUk9MRV9VU0VSIiwiaWF0IjoxNjUzMTQxODc4LCJleHAiOjE2NTQ2MTMxMDd9.OACQYBl-KRZ8SORcqS-Sc-DaRu_CqBRHz_T4YG1uKFY)] -- 97d94b59-a416-4be7-b78d-386e900793b2 -- 
2022-05-21 22:05:52.052  INFO  AuthServiceImpl:15 - [login][input][AuthRequest(email=goodaberg103@gmail.com, password=password)] -- 4eacfd44-7e6a-4ad0-b36d-73c00ba23abb -- 
2022-05-21 22:05:52.052  INFO  AuthServiceImpl:15 - [authenticate][input][User(id=7c0ca9ab-b277-4ee2-acb6-fbd76fcf050d, email=goodaberg103@gmail.com)] -- 4eacfd44-7e6a-4ad0-b36d-73c00ba23abb -- 
2022-05-21 22:05:52.052  INFO  AuthServiceImpl:15 - [authenticate][output][AuthResponse(user=com.diplom.marketplace.entity.User@15413259, accessToken=eyJhbGciOiJIUzI1NiJ9.eyJzdWIiOiI3YzBjYTlhYi1iMjc3LTRlZTItYWNiNi1mYmQ3NmZjZjA1MGQiLCJhdXRoIjoiUk9MRV9VU0VSIiwiaWF0IjoxNjUzMTQxOTUyLCJleHAiOjE2NTQ2MTMxODF9.OgxXW4oMrXaXe8VpaHKcl-X7fvWugOK0RjsN4BPY-CA)] -- 4eacfd44-7e6a-4ad0-b36d-73c00ba23abb -- 
2022-05-21 22:05:52.052  INFO  AuthServiceImpl:15 - [login][output][AuthResponse(user=com.diplom.marketplace.entity.User@15413259, accessToken=eyJhbGciOiJIUzI1NiJ9.eyJzdWIiOiI3YzBjYTlhYi1iMjc3LTRlZTItYWNiNi1mYmQ3NmZjZjA1MGQiLCJhdXRoIjoiUk9MRV9VU0VSIiwiaWF0IjoxNjUzMTQxOTUyLCJleHAiOjE2NTQ2MTMxODF9.OgxXW4oMrXaXe8VpaHKcl-X7fvWugOK0RjsN4BPY-CA)] -- 4eacfd44-7e6a-4ad0-b36d-73c00ba23abb -- 
2022-05-21 22:10:55.055  INFO  UserServiceImpl:15 - [update][input][com.diplom.marketplace.dto.request.user.UserUpdateRequest@75309e31] -- 3e669148-4603-4126-a533-e368e0e07ef5 -- 
2022-05-21 22:10:55.055  INFO  UserServiceImpl:15 - [findById][input][id=7c0ca9ab-b277-4ee2-acb6-fbd76fcf050d] -- 3e669148-4603-4126-a533-e368e0e07ef5 -- 
2022-05-21 22:10:56.056  INFO  UserServiceImpl:15 - [findById][output][User(id=7c0ca9ab-b277-4ee2-acb6-fbd76fcf050d)] -- 3e669148-4603-4126-a533-e368e0e07ef5 -- 
2022-05-21 22:10:56.056  INFO  UserServiceImpl:15 - [update][output][User(email=goodaberg21@gmail.com, firstname=Sainjargal, lastname=Ishdorj)] -- 3e669148-4603-4126-a533-e368e0e07ef5 -- 
2022-05-21 22:11:00.000  INFO  AuthServiceImpl:15 - [login][input][AuthRequest(email=goodaberg103@gmail.com, password=password)] -- d2fbb2f7-5a39-4da9-a340-800e0325fe93 -- 
2022-05-21 22:11:00.000  WARN  AuthServiceImpl:18 - [login][User not found] -- d2fbb2f7-5a39-4da9-a340-800e0325fe93 -- 
2022-05-21 22:11:05.005  INFO  AuthServiceImpl:15 - [login][input][AuthRequest(email=goodaberg21@gmail.com, password=password)] -- 17a2b78d-1a49-4f21-9b09-fd7b87adc12b -- 
2022-05-21 22:11:05.005  INFO  AuthServiceImpl:15 - [authenticate][input][User(id=7c0ca9ab-b277-4ee2-acb6-fbd76fcf050d, email=goodaberg21@gmail.com)] -- 17a2b78d-1a49-4f21-9b09-fd7b87adc12b -- 
2022-05-21 22:11:06.006  INFO  AuthServiceImpl:15 - [authenticate][output][AuthResponse(user=com.diplom.marketplace.entity.User@1f06c2d6, accessToken=eyJhbGciOiJIUzI1NiJ9.eyJzdWIiOiI3YzBjYTlhYi1iMjc3LTRlZTItYWNiNi1mYmQ3NmZjZjA1MGQiLCJhdXRoIjoiUk9MRV9VU0VSIiwiaWF0IjoxNjUzMTQyMjY2LCJleHAiOjE2NTQ2MTM0OTV9.hZBvGsSKUb5Z7CC_NO9QMjjLTvmlv6_8Of28Z95k4d0)] -- 17a2b78d-1a49-4f21-9b09-fd7b87adc12b -- 
2022-05-21 22:11:06.006  INFO  AuthServiceImpl:15 - [login][output][AuthResponse(user=com.diplom.marketplace.entity.User@1f06c2d6, accessToken=eyJhbGciOiJIUzI1NiJ9.eyJzdWIiOiI3YzBjYTlhYi1iMjc3LTRlZTItYWNiNi1mYmQ3NmZjZjA1MGQiLCJhdXRoIjoiUk9MRV9VU0VSIiwiaWF0IjoxNjUzMTQyMjY2LCJleHAiOjE2NTQ2MTM0OTV9.hZBvGsSKUb5Z7CC_NO9QMjjLTvmlv6_8Of28Z95k4d0)] -- 17a2b78d-1a49-4f21-9b09-fd7b87adc12b -- 
2022-05-21 22:11:18.018  INFO  UserServiceImpl:15 - [update][input][com.diplom.marketplace.dto.request.user.UserUpdateRequest@7d8ca080] -- 3310187a-4108-4fad-821f-96da9aee85ee -- 
2022-05-21 22:11:18.018  INFO  UserServiceImpl:15 - [findById][input][id=7c0ca9ab-b277-4ee2-acb6-fbd76fcf050d] -- 3310187a-4108-4fad-821f-96da9aee85ee -- 
2022-05-21 22:11:18.018  INFO  UserServiceImpl:15 - [findById][output][User(id=7c0ca9ab-b277-4ee2-acb6-fbd76fcf050d)] -- 3310187a-4108-4fad-821f-96da9aee85ee -- 
2022-05-21 22:11:18.018  INFO  UserServiceImpl:15 - [update][output][User(email=b180910040@must.edu.mn, firstname=Sainjargal, lastname=Ishdorj)] -- 3310187a-4108-4fad-821f-96da9aee85ee -- 
2022-05-21 22:11:33.033  INFO  UserServiceImpl:15 - [update][input][com.diplom.marketplace.dto.request.user.UserUpdateRequest@2daf709] -- f033a154-1e3c-4cf6-abda-5a23c9b0009d -- 
2022-05-21 22:11:33.033  INFO  UserServiceImpl:15 - [findById][input][id=7c0ca9ab-b277-4ee2-acb6-fbd76fcf050d] -- f033a154-1e3c-4cf6-abda-5a23c9b0009d -- 
2022-05-21 22:11:33.033  INFO  UserServiceImpl:15 - [findById][output][User(id=7c0ca9ab-b277-4ee2-acb6-fbd76fcf050d)] -- f033a154-1e3c-4cf6-abda-5a23c9b0009d -- 
2022-05-21 22:11:33.033  INFO  UserServiceImpl:15 - [update][output][User(email=b180910040@must.edu.mn, firstname=Sainjargal, lastname=Ishdorj)] -- f033a154-1e3c-4cf6-abda-5a23c9b0009d -- 
2022-05-21 22:13:45.045  INFO  UserServiceImpl:15 - [update][input][com.diplom.marketplace.dto.request.user.UserUpdateRequest@782f9dda] -- 429a6a01-6254-47e3-a43b-168587bad645 -- 
2022-05-21 22:13:45.045  INFO  UserServiceImpl:15 - [findById][input][id=7c0ca9ab-b277-4ee2-acb6-fbd76fcf050d] -- 429a6a01-6254-47e3-a43b-168587bad645 -- 
2022-05-21 22:13:45.045  INFO  UserServiceImpl:15 - [findById][output][User(id=7c0ca9ab-b277-4ee2-acb6-fbd76fcf050d)] -- 429a6a01-6254-47e3-a43b-168587bad645 -- 
2022-05-21 22:13:45.045  INFO  UserServiceImpl:15 - [update][output][User(email=b180910040@must.edu.mn, firstname=Sainjargal, lastname=Ishdorj)] -- 429a6a01-6254-47e3-a43b-168587bad645 -- 
